Arguments: 
  /usr/local/Cellar/node/16.9.1/bin/node /usr/local/bin/yarn add microbundler

PATH: 
  /Users/danya/opt/anaconda3/bin:/Users/danya/.volta/bin:/Users/danya/Library/Python/3.9/bin:/Users/danya/opt/anaconda3/bin:/Users/danya/.volta/bin:/Users/danya/.poetry/bin:/Users/danya/opt/anaconda3/bin:/Users/danya/.volta/bin:/usr/local/bin:/usr/bin:/bin:/usr/sbin:/sbin:/Library/Apple/usr/bin:/Users/danya/Library/Android/sdk/emulator:/Users/danya/Library/Android/sdk/tools:/Users/danya/Library/Android/sdk/tools/bin:/Users/danya/Library/Android/sdk/platform-tools:/Users/danya/Library/Android/sdk/emulator:/Users/danya/Library/Android/sdk/tools:/Users/danya/Library/Android/sdk/tools/bin:/Users/danya/Library/Android/sdk/platform-tools:/Users/danya/Library/Android/sdk/emulator:/Users/danya/Library/Android/sdk/tools:/Users/danya/Library/Android/sdk/tools/bin:/Users/danya/Library/Android/sdk/platform-tools

Yarn version: 
  1.22.10

Node version: 
  16.9.1

Platform: 
  darwin x64

Trace: 
  Error: https://registry.yarnpkg.com/microbundler: Not found
      at Request.params.callback [as _callback] (/usr/local/lib/node_modules/yarn/lib/cli.js:66988:18)
      at Request.self.callback (/usr/local/lib/node_modules/yarn/lib/cli.js:140662:22)
      at Request.emit (node:events:394:28)
      at Request.<anonymous> (/usr/local/lib/node_modules/yarn/lib/cli.js:141634:10)
      at Request.emit (node:events:394:28)
      at IncomingMessage.<anonymous> (/usr/local/lib/node_modules/yarn/lib/cli.js:141556:12)
      at Object.onceWrapper (node:events:513:28)
      at IncomingMessage.emit (node:events:406:35)
      at endReadableNT (node:internal/streams/readable:1343:12)
      at processTicksAndRejections (node:internal/process/task_queues:83:21)

npm manifest: 
  {
    "name": "@konso/messaging",
    "version": "0.0.1",
    "description": "@konso client for messaging",
    "main": "src/index.js",
    "author": "Daniel Belchenko <daniel.belchenko@indevlabs.de>",
    "license": "MIT",
    "private": true,
    "dependencies": {
      "node-fetch": "^3.0.0"
    }
  }

yarn manifest: 
  No manifest

Lockfile: 
  # THIS IS AN AUTOGENERATED FILE. DO NOT EDIT THIS FILE DIRECTLY.
  # yarn lockfile v1
  
  
  data-uri-to-buffer@^3.0.1:
    version "3.0.1"
    resolved "https://registry.yarnpkg.com/data-uri-to-buffer/-/data-uri-to-buffer-3.0.1.tgz#594b8973938c5bc2c33046535785341abc4f3636"
    integrity sha512-WboRycPNsVw3B3TL559F7kuBUM4d8CgMEvk6xEJlOp7OBPjt6G7z8WMWlD2rOFZLk6OYfFIUGsCOWzcQH9K2og==
  
  fetch-blob@^3.1.2:
    version "3.1.2"
    resolved "https://registry.yarnpkg.com/fetch-blob/-/fetch-blob-3.1.2.tgz#6bc438675f3851ecea51758ac91f6a1cd1bacabd"
    integrity sha512-hunJbvy/6OLjCD0uuhLdp0mMPzP/yd2ssd1t2FCJsaA7wkWhpbp9xfuNVpv7Ll4jFhzp6T4LAupSiV9uOeg0VQ==
    dependencies:
      web-streams-polyfill "^3.0.3"
  
  node-fetch@^3.0.0:
    version "3.0.0"
    resolved "https://registry.yarnpkg.com/node-fetch/-/node-fetch-3.0.0.tgz#79da7146a520036f2c5f644e4a26095f17e411ea"
    integrity sha512-bKMI+C7/T/SPU1lKnbQbwxptpCrG9ashG+VkytmXCPZyuM9jB6VU+hY0oi4lC8LxTtAeWdckNCTa3nrGsAdA3Q==
    dependencies:
      data-uri-to-buffer "^3.0.1"
      fetch-blob "^3.1.2"
  
  web-streams-polyfill@^3.0.3:
    version "3.1.1"
    resolved "https://registry.yarnpkg.com/web-streams-polyfill/-/web-streams-polyfill-3.1.1.tgz#1516f2d4ea8f1bdbfed15eb65cb2df87098c8364"
    integrity sha512-Czi3fG883e96T4DLEPRvufrF2ydhOOW1+1a6c3gNjH2aIh50DNFBdfwh2AKoOf1rXvpvavAoA11Qdq9+BKjE0Q==
